[2024-12-15 20:09:18] [main] INFO  org.example.Main - –?–Ω–∏—Ü–∏–∞–ª–∏–∑–∞—Ü–∏—è –ø–æ–ª—É—á–µ–Ω–∏—è Cookies
[2024-12-15 20:09:26] [main] INFO  org.example.AuthorStatisticsFetcher - –ü–æ–ª—É—á–µ–Ω–Ω—ã–µ –∫—É–∫–∏: {__utmz=216042306.1734282561.1.1.utmcsr=(direct)|utmccn=(direct)|utmcmd=(none), _ym_uid=1734282561701402892, SCookieGUID=4D872F67%2D0B90%2D445D%2D9DB9%2D8F120A115DFF, _ym_isad=2, __utmt=1, __utmb=216042306.1.10.1734282561, _ym_d=1734282561, __utmc=216042306, SUserID=593512384, __utma=216042306.1701231068.1734282561.1734282561.1734282561.1}
[2024-12-15 20:09:26] [main] INFO  org.example.Main - –§–∞–π–ª —Å–æ–∑–¥–∞–Ω: statistics.txt
[2024-12-15 20:09:26] [main] INFO  org.example.Main - –ß—Ç–µ–Ω–∏–µ —Å–ø–∏—Å–∫–∞ –∞–≤—Ç–æ—Ä–æ–≤ –∏–∑ —Ñ–∞–π–ª–∞: author.txt
[2024-12-15 20:09:26] [main] FATAL org.example.Main - –ö—Ä–∏—Ç–∏—á–µ—Å–∫–∞—è –æ—à–∏–±–∫–∞ –ø—Ä–∏ –≤—ã–ø–æ–ª–Ω–µ–Ω–∏–∏ –ø—Ä–æ–≥—Ä–∞–º–º—ã
java.io.FileNotFoundException: author.txt (ÕÂ Û‰‡ÂÚÒˇ Ì‡ÈÚË ÛÍ‡Á‡ÌÌ˚È Ù‡ÈÎ)
	at java.io.FileInputStream.open0(Native Method) ~[?:?]
	at java.io.FileInputStream.open(FileInputStream.java:216) ~[?:?]
	at java.io.FileInputStream.<init>(FileInputStream.java:157) ~[?:?]
	at java.io.FileInputStream.<init>(FileInputStream.java:111) ~[?:?]
	at java.io.FileReader.<init>(FileReader.java:60) ~[?:?]
	at org.example.AuthorIdReader.readAuthorIds(AuthorIdReader.java:11) ~[kursaaaaaaaaa4-1.0-SNAPSHOT-all.jar:?]
	at org.example.Main.main(Main.java:35) [kursaaaaaaaaa4-1.0-SNAPSHOT-all.jar:?]
[2024-12-15 20:14:04] [main] INFO  org.example.Main - –?–Ω–∏—Ü–∏–∞–ª–∏–∑–∞—Ü–∏—è –ø–æ–ª—É—á–µ–Ω–∏—è Cookies
[2024-12-15 20:14:11] [main] INFO  org.example.AuthorStatisticsFetcher - –ü–æ–ª—É—á–µ–Ω–Ω—ã–µ –∫—É–∫–∏: {__utmz=216042306.1734282847.1.1.utmcsr=(direct)|utmccn=(direct)|utmcmd=(none), _ym_uid=1734282847350396465, SCookieGUID=5DBC5BB0%2D7F89%2D4799%2DAA9A%2D9F84349D62C3, _ym_isad=2, __utmt=1, __utmb=216042306.1.10.1734282847, _ym_d=1734282847, __utmc=216042306, SUserID=593512928, __utma=216042306.510182304.1734282847.1734282847.1734282847.1}
[2024-12-15 20:14:12] [main] WARN  org.example.Main - –§–∞–π–ª —É–∂–µ —Å—É—â–µ—Å—Ç–≤—É–µ—Ç: statistics.txt
[2024-12-15 20:14:12] [main] INFO  org.example.Main - –ß—Ç–µ–Ω–∏–µ —Å–ø–∏—Å–∫–∞ –∞–≤—Ç–æ—Ä–æ–≤ –∏–∑ —Ñ–∞–π–ª–∞: author.txt
[2024-12-15 20:14:12] [main] INFO  org.example.Main - –ù–∞—á–∞–ª–æ –æ–±—Ä–∞–±–æ—Ç–∫–∏ –∞–≤—Ç–æ—Ä–∞ —Å ID: 1039456
[2024-12-15 20:14:12] [main] INFO  org.example.AuthorStatisticsFetcher - –í—ã–ø–æ–ª–Ω—è–µ—Ç—Å—è –∑–∞–ø—Ä–æ—Å –∫ URL: https://elibrary.ru/author_items.asp?authorid=1039456&pubrole=100&show_refs=1&show_option=0&pagenum=1
[2024-12-15 20:14:13] [main] INFO  org.example.Main - –£—Å–ø–µ—à–Ω–æ –æ–±—Ä–∞–±–æ—Ç–∞–Ω –∞–≤—Ç–æ—Ä —Å ID: 1039456
[2024-12-15 20:14:13] [main] INFO  org.example.Main - –ù–∞—á–∞–ª–æ –æ–±—Ä–∞–±–æ—Ç–∫–∏ –∞–≤—Ç–æ—Ä–∞ —Å ID: 1040367
[2024-12-15 20:14:13] [main] INFO  org.example.AuthorStatisticsFetcher - –í—ã–ø–æ–ª–Ω—è–µ—Ç—Å—è –∑–∞–ø—Ä–æ—Å –∫ URL: https://elibrary.ru/author_items.asp?authorid=1040367&pubrole=100&show_refs=1&show_option=0&pagenum=1
[2024-12-15 20:14:14] [main] INFO  org.example.Main - –£—Å–ø–µ—à–Ω–æ –æ–±—Ä–∞–±–æ—Ç–∞–Ω –∞–≤—Ç–æ—Ä —Å ID: 1040367
[2024-12-15 20:14:14] [main] INFO  org.example.Main - –ù–∞—á–∞–ª–æ –æ–±—Ä–∞–±–æ—Ç–∫–∏ –∞–≤—Ç–æ—Ä–∞ —Å ID: 1078563
[2024-12-15 20:14:14] [main] INFO  org.example.AuthorStatisticsFetcher - –í—ã–ø–æ–ª–Ω—è–µ—Ç—Å—è –∑–∞–ø—Ä–æ—Å –∫ URL: https://elibrary.ru/author_items.asp?authorid=1078563&pubrole=100&show_refs=1&show_option=0&pagenum=1
[2024-12-15 20:14:16] [main] INFO  org.example.Main - –£—Å–ø–µ—à–Ω–æ –æ–±—Ä–∞–±–æ—Ç–∞–Ω –∞–≤—Ç–æ—Ä —Å ID: 1078563
[2024-12-15 20:14:16] [main] INFO  org.example.Main - –°–æ—Ö—Ä–∞–Ω–µ–Ω–∏–µ —Å—Ç–∞—Ç–∏—Å—Ç–∏–∫–∏ –≤ —Ñ–∞–π–ª: statistics.txt
[2024-12-15 20:14:16] [main] INFO  org.example.StatisticsSaver - –°–æ—Ö—Ä–∞–Ω–µ–Ω–∏–µ —Å—Ç–∞—Ç–∏—Å—Ç–∏–∫–∏ –≤ —Ñ–∞–π–ª: statistics.txt
[2024-12-15 20:14:16] [main] INFO  org.example.Main - –°—Ç–∞—Ç–∏—Å—Ç–∏–∫–∞ —É—Å–ø–µ—à–Ω–æ —Å–æ—Ö—Ä–∞–Ω–µ–Ω–∞ –≤ statistics.txt
[2024-12-15 20:16:59] [main] INFO  org.example.Main - –?–Ω–∏—Ü–∏–∞–ª–∏–∑–∞—Ü–∏—è –ø–æ–ª—É—á–µ–Ω–∏—è Cookies
[2024-12-15 20:17:06] [main] INFO  org.example.AuthorStatisticsFetcher - –ü–æ–ª—É—á–µ–Ω–Ω—ã–µ –∫—É–∫–∏: {__utmz=216042306.1734283022.1.1.utmcsr=(direct)|utmccn=(direct)|utmcmd=(none), _ym_uid=1734283022343470339, SCookieGUID=6D5975A5%2D757A%2D442E%2D92FD%2DF050F43063E7, _ym_isad=2, __utmt=1, __utmb=216042306.1.10.1734283022, _ym_d=1734283022, __utmc=216042306, SUserID=593513224, __utma=216042306.2056407960.1734283022.1734283022.1734283022.1}
[2024-12-15 20:17:07] [main] WARN  org.example.Main - –§–∞–π–ª —É–∂–µ —Å—É—â–µ—Å—Ç–≤—É–µ—Ç: statistics.txt
[2024-12-15 20:17:07] [main] INFO  org.example.Main - –ß—Ç–µ–Ω–∏–µ —Å–ø–∏—Å–∫–∞ –∞–≤—Ç–æ—Ä–æ–≤ –∏–∑ —Ñ–∞–π–ª–∞: author.txt
[2024-12-15 20:17:07] [main] INFO  org.example.Main - –ù–∞—á–∞–ª–æ –æ–±—Ä–∞–±–æ—Ç–∫–∏ –∞–≤—Ç–æ—Ä–∞ —Å ID: 1039456
[2024-12-15 20:17:07] [main] INFO  org.example.AuthorStatisticsFetcher - –í—ã–ø–æ–ª–Ω—è–µ—Ç—Å—è –∑–∞–ø—Ä–æ—Å –∫ URL: https://elibrary.ru/author_items.asp?authorid=1039456&pubrole=100&show_refs=1&show_option=0&pagenum=1
[2024-12-15 20:17:08] [main] INFO  org.example.Main - –£—Å–ø–µ—à–Ω–æ –æ–±—Ä–∞–±–æ—Ç–∞–Ω –∞–≤—Ç–æ—Ä —Å ID: 1039456
[2024-12-15 20:17:08] [main] INFO  org.example.Main - –ù–∞—á–∞–ª–æ –æ–±—Ä–∞–±–æ—Ç–∫–∏ –∞–≤—Ç–æ—Ä–∞ —Å ID: 1040367
[2024-12-15 20:17:08] [main] INFO  org.example.AuthorStatisticsFetcher - –í—ã–ø–æ–ª–Ω—è–µ—Ç—Å—è –∑–∞–ø—Ä–æ—Å –∫ URL: https://elibrary.ru/author_items.asp?authorid=1040367&pubrole=100&show_refs=1&show_option=0&pagenum=1
[2024-12-15 20:17:09] [main] INFO  org.example.Main - –£—Å–ø–µ—à–Ω–æ –æ–±—Ä–∞–±–æ—Ç–∞–Ω –∞–≤—Ç–æ—Ä —Å ID: 1040367
[2024-12-15 20:17:09] [main] INFO  org.example.Main - –ù–∞—á–∞–ª–æ –æ–±—Ä–∞–±–æ—Ç–∫–∏ –∞–≤—Ç–æ—Ä–∞ —Å ID: 1078563
[2024-12-15 20:17:09] [main] INFO  org.example.AuthorStatisticsFetcher - –í—ã–ø–æ–ª–Ω—è–µ—Ç—Å—è –∑–∞–ø—Ä–æ—Å –∫ URL: https://elibrary.ru/author_items.asp?authorid=1078563&pubrole=100&show_refs=1&show_option=0&pagenum=1
[2024-12-15 20:17:10] [main] INFO  org.example.Main - –£—Å–ø–µ—à–Ω–æ –æ–±—Ä–∞–±–æ—Ç–∞–Ω –∞–≤—Ç–æ—Ä —Å ID: 1078563
[2024-12-15 20:17:10] [main] INFO  org.example.Main - –°–æ—Ö—Ä–∞–Ω–µ–Ω–∏–µ —Å—Ç–∞—Ç–∏—Å—Ç–∏–∫–∏ –≤ —Ñ–∞–π–ª: statistics.txt
[2024-12-15 20:17:10] [main] INFO  org.example.StatisticsSaver - –°–æ—Ö—Ä–∞–Ω–µ–Ω–∏–µ —Å—Ç–∞—Ç–∏—Å—Ç–∏–∫–∏ –≤ —Ñ–∞–π–ª: statistics.txt
[2024-12-15 20:17:10] [main] INFO  org.example.Main - –°—Ç–∞—Ç–∏—Å—Ç–∏–∫–∞ —É—Å–ø–µ—à–Ω–æ —Å–æ—Ö—Ä–∞–Ω–µ–Ω–∞ –≤ statistics.txt
[2024-12-15 20:54:49] [main] INFO  org.example.Main - –?–Ω–∏—Ü–∏–∞–ª–∏–∑–∞—Ü–∏—è –ø–æ–ª—É—á–µ–Ω–∏—è Cookies
[2024-12-15 20:54:57] [main] INFO  org.example.AuthorStatisticsFetcher - –ü–æ–ª—É—á–µ–Ω–Ω—ã–µ –∫—É–∫–∏: {__utmz=216042306.1734285292.1.1.utmcsr=(direct)|utmccn=(direct)|utmcmd=(none), _ym_uid=1734285292980820300, SCookieGUID=4CBC45B8%2DD4C0%2D4CDE%2DBBC1%2D11EFED6E6A92, _ym_isad=2, __utmt=1, __utmb=216042306.1.10.1734285292, _ym_d=1734285292, __utmc=216042306, SUserID=593517010, __utma=216042306.1498134634.1734285292.1734285292.1734285292.1}
[2024-12-15 20:54:57] [main] WARN  org.example.Main - –§–∞–π–ª —É–∂–µ —Å—É—â–µ—Å—Ç–≤—É–µ—Ç: statistics.txt
[2024-12-15 20:54:57] [main] INFO  org.example.Main - –ß—Ç–µ–Ω–∏–µ —Å–ø–∏—Å–∫–∞ –∞–≤—Ç–æ—Ä–æ–≤ –∏–∑ —Ñ–∞–π–ª–∞: author.txt
[2024-12-15 20:54:57] [main] INFO  org.example.Main - –ù–∞—á–∞–ª–æ –æ–±—Ä–∞–±–æ—Ç–∫–∏ –∞–≤—Ç–æ—Ä–∞ —Å ID: 1039456
[2024-12-15 20:54:57] [main] INFO  org.example.AuthorStatisticsFetcher - –í—ã–ø–æ–ª–Ω—è–µ—Ç—Å—è –∑–∞–ø—Ä–æ—Å –∫ URL: https://elibrary.ru/author_items.asp?authorid=1039456&pubrole=100&show_refs=1&show_option=0&pagenum=1
[2024-12-15 20:54:59] [main] INFO  org.example.Main - –£—Å–ø–µ—à–Ω–æ –æ–±—Ä–∞–±–æ—Ç–∞–Ω –∞–≤—Ç–æ—Ä —Å ID: 1039456
[2024-12-15 20:54:59] [main] INFO  org.example.Main - –ù–∞—á–∞–ª–æ –æ–±—Ä–∞–±–æ—Ç–∫–∏ –∞–≤—Ç–æ—Ä–∞ —Å ID: 1040367
[2024-12-15 20:54:59] [main] INFO  org.example.AuthorStatisticsFetcher - –í—ã–ø–æ–ª–Ω—è–µ—Ç—Å—è –∑–∞–ø—Ä–æ—Å –∫ URL: https://elibrary.ru/author_items.asp?authorid=1040367&pubrole=100&show_refs=1&show_option=0&pagenum=1
[2024-12-15 20:55:00] [main] INFO  org.example.Main - –£—Å–ø–µ—à–Ω–æ –æ–±—Ä–∞–±–æ—Ç–∞–Ω –∞–≤—Ç–æ—Ä —Å ID: 1040367
[2024-12-15 20:55:00] [main] INFO  org.example.Main - –ù–∞—á–∞–ª–æ –æ–±—Ä–∞–±–æ—Ç–∫–∏ –∞–≤—Ç–æ—Ä–∞ —Å ID: 1078563
[2024-12-15 20:55:00] [main] INFO  org.example.AuthorStatisticsFetcher - –í—ã–ø–æ–ª–Ω—è–µ—Ç—Å—è –∑–∞–ø—Ä–æ—Å –∫ URL: https://elibrary.ru/author_items.asp?authorid=1078563&pubrole=100&show_refs=1&show_option=0&pagenum=1
[2024-12-15 20:55:01] [main] INFO  org.example.Main - –£—Å–ø–µ—à–Ω–æ –æ–±—Ä–∞–±–æ—Ç–∞–Ω –∞–≤—Ç–æ—Ä —Å ID: 1078563
[2024-12-15 20:55:01] [main] INFO  org.example.Main - –°–æ—Ö—Ä–∞–Ω–µ–Ω–∏–µ —Å—Ç–∞—Ç–∏—Å—Ç–∏–∫–∏ –≤ —Ñ–∞–π–ª: statistics.txt
[2024-12-15 20:55:01] [main] INFO  org.example.StatisticsSaver - –°–æ—Ö—Ä–∞–Ω–µ–Ω–∏–µ —Å—Ç–∞—Ç–∏—Å—Ç–∏–∫–∏ –≤ —Ñ–∞–π–ª: statistics.txt
[2024-12-15 20:55:01] [main] INFO  org.example.Main - –°—Ç–∞—Ç–∏—Å—Ç–∏–∫–∞ —É—Å–ø–µ—à–Ω–æ —Å–æ—Ö—Ä–∞–Ω–µ–Ω–∞ –≤ statistics.txt
